{
  "Cucumber Features": {
    "coverage": {
      "/home/saasbook/Desktop/hw2/rottenpotatoes/app/controllers/application_controller.rb": [
        1,
        1,
        null
      ],
      "/home/saasbook/Desktop/hw2/rottenpotatoes/app/helpers/application_helper.rb": [
        1,
        null
      ],
      "/home/saasbook/Desktop/hw2/rottenpotatoes/app/controllers/movies_controller.rb": [
        1,
        null,
        1,
        1,
        1,
        null,
        null,
        null,
        1,
        null,
        null,
        8,
        null,
        null,
        8,
        2,
        2,
        null,
        null,
        null,
        8,
        null,
        null,
        null,
        2,
        null,
        null,
        8,
        0,
        0,
        null,
        0,
        0,
        null,
        null,
        8,
        null,
        null,
        8,
        22,
        null,
        null,
        null,
        8,
        23,
        1,
        7,
        23,
        1,
        null,
        null,
        null,
        null,
        null,
        1,
        null,
        null,
        null,
        1,
        0,
        0,
        0,
        null,
        null,
        1,
        1,
        null,
        null,
        1,
        1,
        1,
        1,
        1,
        null,
        null,
        1,
        0,
        0,
        0,
        0,
        null,
        null,
        null
      ],
      "/home/saasbook/Desktop/hw2/rottenpotatoes/app/models/movie.rb": [
        1,
        1,
        null,
        null,
        1,
        8,
        null,
        null
      ]
    },
    "timestamp": 1424913641
  },
  "RSpec": {
    "coverage": {
      "/home/saasbook/Desktop/hw2/rottenpotatoes/app/controllers/application_controller.rb": [
        1,
        1,
        null
      ],
      "/home/saasbook/Desktop/hw2/rottenpotatoes/app/helpers/application_helper.rb": [
        1,
        null
      ],
      "/home/saasbook/Desktop/hw2/rottenpotatoes/app/controllers/movies_controller.rb": [
        1,
        null,
        1,
        0,
        0,
        null,
        null,
        null,
        1,
        null,
        null,
        0,
        null,
        null,
        0,
        0,
        0,
        null,
        null,
        null,
        0,
        null,
        null,
        null,
        0,
        null,
        null,
        0,
        0,
        0,
        null,
        0,
        0,
        null,
        null,
        0,
        null,
        null,
        0,
        0,
        null,
        null,
        null,
        0,
        0,
        0,
        0,
        0,
        0,
        null,
        null,
        null,
        null,
        null,
        1,
        null,
        null,
        null,
        1,
        0,
        0,
        0,
        null,
        null,
        1,
        0,
        null,
        null,
        1,
        0,
        0,
        0,
        0,
        null,
        null,
        1,
        0,
        0,
        0,
        0,
        null,
        null,
        null
      ],
      "/home/saasbook/Desktop/hw2/rottenpotatoes/app/models/movie.rb": [
        1,
        1,
        null,
        null,
        1,
        0,
        null,
        null
      ]
    },
    "timestamp": 1424913654
  }
}
